[2021-02-14 15:15:30,684] {taskinstance.py:851} INFO - Dependencies all met for <TaskInstance: NDBC_51001.file_check 2021-02-15T01:15:27.741776+00:00 [queued]>
[2021-02-14 15:15:30,688] {taskinstance.py:851} INFO - Dependencies all met for <TaskInstance: NDBC_51001.file_check 2021-02-15T01:15:27.741776+00:00 [queued]>
[2021-02-14 15:15:30,688] {taskinstance.py:1042} INFO - 
--------------------------------------------------------------------------------
[2021-02-14 15:15:30,688] {taskinstance.py:1043} INFO - Starting attempt 1 of 1
[2021-02-14 15:15:30,688] {taskinstance.py:1044} INFO - 
--------------------------------------------------------------------------------
[2021-02-14 15:15:30,694] {taskinstance.py:1063} INFO - Executing <Task(PythonOperator): file_check> on 2021-02-15T01:15:27.741776+00:00
[2021-02-14 15:15:30,697] {standard_task_runner.py:52} INFO - Started process 91426 to run task
[2021-02-14 15:15:30,703] {standard_task_runner.py:76} INFO - Running: ['airflow', 'tasks', 'run', 'NDBC_51001', 'file_check', '2021-02-15T01:15:27.741776+00:00', '--job-id', '15', '--pool', 'default_pool', '--raw', '--subdir', 'DAGS_FOLDER/ndbc_dag.py', '--cfg-path', '/var/folders/y8/ykx6qdr96dldyw_z287s5l580000gn/T/tmps687nrqj', '--error-file', '/var/folders/y8/ykx6qdr96dldyw_z287s5l580000gn/T/tmpoi2njjcp']
[2021-02-14 15:15:30,705] {standard_task_runner.py:77} INFO - Job 15: Subtask file_check
[2021-02-14 15:15:30,737] {logging_mixin.py:104} INFO - Running <TaskInstance: NDBC_51001.file_check 2021-02-15T01:15:27.741776+00:00 [running]> on host chriss-mbp.lan1
[2021-02-14 15:15:30,760] {taskinstance.py:1255} INFO - Exporting the following env vars:
AIRFLOW_CTX_DAG_EMAIL=holloway.christopher.t@gmail.com
AIRFLOW_CTX_DAG_OWNER=chris
AIRFLOW_CTX_DAG_ID=NDBC_51001
AIRFLOW_CTX_TASK_ID=file_check
AIRFLOW_CTX_EXECUTION_DATE=2021-02-15T01:15:27.741776+00:00
AIRFLOW_CTX_DAG_RUN_ID=manual__2021-02-15T01:15:27.741776+00:00
[2021-02-14 15:15:31,135] {logging_mixin.py:104} INFO - file exists
[2021-02-14 15:15:31,136] {python.py:118} INFO - Done. Returned value was: OK
[2021-02-14 15:15:31,149] {taskinstance.py:1159} INFO - Marking task as SUCCESS. dag_id=NDBC_51001, task_id=file_check, execution_date=20210215T011527, start_date=20210215T011530, end_date=20210215T011531
[2021-02-14 15:15:31,161] {taskinstance.py:1220} INFO - 1 downstream tasks scheduled from follow-on schedule check
[2021-02-14 15:15:31,197] {local_task_job.py:146} INFO - Task exited with return code 0
