[2021-02-15 10:38:04,764] {taskinstance.py:851} INFO - Dependencies all met for <TaskInstance: NDBC_51001.file_check 2021-02-14T23:00:00+00:00 [queued]>
[2021-02-15 10:38:04,770] {taskinstance.py:851} INFO - Dependencies all met for <TaskInstance: NDBC_51001.file_check 2021-02-14T23:00:00+00:00 [queued]>
[2021-02-15 10:38:04,770] {taskinstance.py:1042} INFO - 
--------------------------------------------------------------------------------
[2021-02-15 10:38:04,770] {taskinstance.py:1043} INFO - Starting attempt 1 of 1
[2021-02-15 10:38:04,770] {taskinstance.py:1044} INFO - 
--------------------------------------------------------------------------------
[2021-02-15 10:38:04,776] {taskinstance.py:1063} INFO - Executing <Task(PythonOperator): file_check> on 2021-02-14T23:00:00+00:00
[2021-02-15 10:38:04,779] {standard_task_runner.py:52} INFO - Started process 20453 to run task
[2021-02-15 10:38:04,787] {standard_task_runner.py:76} INFO - Running: ['airflow', 'tasks', 'run', 'NDBC_51001', 'file_check', '2021-02-14T23:00:00+00:00', '--job-id', '83', '--pool', 'default_pool', '--raw', '--subdir', 'DAGS_FOLDER/ndbc_dag.py', '--cfg-path', '/var/folders/y8/ykx6qdr96dldyw_z287s5l580000gn/T/tmpyshuno_l', '--error-file', '/var/folders/y8/ykx6qdr96dldyw_z287s5l580000gn/T/tmp39l9faf8']
[2021-02-15 10:38:04,788] {standard_task_runner.py:77} INFO - Job 83: Subtask file_check
[2021-02-15 10:38:04,821] {logging_mixin.py:104} INFO - Running <TaskInstance: NDBC_51001.file_check 2021-02-14T23:00:00+00:00 [running]> on host chriss-mbp.lan1
[2021-02-15 10:38:04,846] {taskinstance.py:1255} INFO - Exporting the following env vars:
AIRFLOW_CTX_DAG_EMAIL=holloway.christopher.t@gmail.com
AIRFLOW_CTX_DAG_OWNER=chris
AIRFLOW_CTX_DAG_ID=NDBC_51001
AIRFLOW_CTX_TASK_ID=file_check
AIRFLOW_CTX_EXECUTION_DATE=2021-02-14T23:00:00+00:00
AIRFLOW_CTX_DAG_RUN_ID=scheduled__2021-02-14T23:00:00+00:00
[2021-02-15 10:38:05,093] {logging_mixin.py:104} INFO - file exists
[2021-02-15 10:38:05,093] {python.py:118} INFO - Done. Returned value was: OK
[2021-02-15 10:38:05,105] {taskinstance.py:1159} INFO - Marking task as SUCCESS. dag_id=NDBC_51001, task_id=file_check, execution_date=20210214T230000, start_date=20210215T203804, end_date=20210215T203805
[2021-02-15 10:38:05,118] {taskinstance.py:1220} INFO - 1 downstream tasks scheduled from follow-on schedule check
[2021-02-15 10:38:05,136] {local_task_job.py:146} INFO - Task exited with return code 0
