[2021-02-15 10:38:41,854] {taskinstance.py:851} INFO - Dependencies all met for <TaskInstance: NDBC_51001.file_check 2021-02-15T05:00:00+00:00 [queued]>
[2021-02-15 10:38:41,860] {taskinstance.py:851} INFO - Dependencies all met for <TaskInstance: NDBC_51001.file_check 2021-02-15T05:00:00+00:00 [queued]>
[2021-02-15 10:38:41,860] {taskinstance.py:1042} INFO - 
--------------------------------------------------------------------------------
[2021-02-15 10:38:41,860] {taskinstance.py:1043} INFO - Starting attempt 1 of 1
[2021-02-15 10:38:41,860] {taskinstance.py:1044} INFO - 
--------------------------------------------------------------------------------
[2021-02-15 10:38:41,866] {taskinstance.py:1063} INFO - Executing <Task(PythonOperator): file_check> on 2021-02-15T05:00:00+00:00
[2021-02-15 10:38:41,868] {standard_task_runner.py:52} INFO - Started process 20510 to run task
[2021-02-15 10:38:41,876] {standard_task_runner.py:76} INFO - Running: ['airflow', 'tasks', 'run', 'NDBC_51001', 'file_check', '2021-02-15T05:00:00+00:00', '--job-id', '95', '--pool', 'default_pool', '--raw', '--subdir', 'DAGS_FOLDER/ndbc_dag.py', '--cfg-path', '/var/folders/y8/ykx6qdr96dldyw_z287s5l580000gn/T/tmp5p5gwxo9', '--error-file', '/var/folders/y8/ykx6qdr96dldyw_z287s5l580000gn/T/tmpzml6046_']
[2021-02-15 10:38:41,877] {standard_task_runner.py:77} INFO - Job 95: Subtask file_check
[2021-02-15 10:38:41,910] {logging_mixin.py:104} INFO - Running <TaskInstance: NDBC_51001.file_check 2021-02-15T05:00:00+00:00 [running]> on host chriss-mbp.lan1
[2021-02-15 10:38:41,935] {taskinstance.py:1255} INFO - Exporting the following env vars:
AIRFLOW_CTX_DAG_EMAIL=holloway.christopher.t@gmail.com
AIRFLOW_CTX_DAG_OWNER=chris
AIRFLOW_CTX_DAG_ID=NDBC_51001
AIRFLOW_CTX_TASK_ID=file_check
AIRFLOW_CTX_EXECUTION_DATE=2021-02-15T05:00:00+00:00
AIRFLOW_CTX_DAG_RUN_ID=scheduled__2021-02-15T05:00:00+00:00
[2021-02-15 10:38:42,258] {logging_mixin.py:104} INFO - file exists
[2021-02-15 10:38:42,258] {python.py:118} INFO - Done. Returned value was: OK
[2021-02-15 10:38:42,272] {taskinstance.py:1159} INFO - Marking task as SUCCESS. dag_id=NDBC_51001, task_id=file_check, execution_date=20210215T050000, start_date=20210215T203841, end_date=20210215T203842
[2021-02-15 10:38:42,285] {taskinstance.py:1220} INFO - 1 downstream tasks scheduled from follow-on schedule check
[2021-02-15 10:38:42,305] {local_task_job.py:146} INFO - Task exited with return code 0
