[2021-02-15 10:37:10,168] {taskinstance.py:851} INFO - Dependencies all met for <TaskInstance: NDBC_51001.file_check 2021-02-14T14:00:00+00:00 [queued]>
[2021-02-15 10:37:10,172] {taskinstance.py:851} INFO - Dependencies all met for <TaskInstance: NDBC_51001.file_check 2021-02-14T14:00:00+00:00 [queued]>
[2021-02-15 10:37:10,173] {taskinstance.py:1042} INFO - 
--------------------------------------------------------------------------------
[2021-02-15 10:37:10,173] {taskinstance.py:1043} INFO - Starting attempt 1 of 1
[2021-02-15 10:37:10,173] {taskinstance.py:1044} INFO - 
--------------------------------------------------------------------------------
[2021-02-15 10:37:10,178] {taskinstance.py:1063} INFO - Executing <Task(PythonOperator): file_check> on 2021-02-14T14:00:00+00:00
[2021-02-15 10:37:10,180] {standard_task_runner.py:52} INFO - Started process 20365 to run task
[2021-02-15 10:37:10,187] {standard_task_runner.py:76} INFO - Running: ['airflow', 'tasks', 'run', 'NDBC_51001', 'file_check', '2021-02-14T14:00:00+00:00', '--job-id', '65', '--pool', 'default_pool', '--raw', '--subdir', 'DAGS_FOLDER/ndbc_dag.py', '--cfg-path', '/var/folders/y8/ykx6qdr96dldyw_z287s5l580000gn/T/tmps3jooe7v', '--error-file', '/var/folders/y8/ykx6qdr96dldyw_z287s5l580000gn/T/tmpf4cn0z_r']
[2021-02-15 10:37:10,189] {standard_task_runner.py:77} INFO - Job 65: Subtask file_check
[2021-02-15 10:37:10,218] {logging_mixin.py:104} INFO - Running <TaskInstance: NDBC_51001.file_check 2021-02-14T14:00:00+00:00 [running]> on host chriss-mbp.lan1
[2021-02-15 10:37:10,244] {taskinstance.py:1255} INFO - Exporting the following env vars:
AIRFLOW_CTX_DAG_EMAIL=holloway.christopher.t@gmail.com
AIRFLOW_CTX_DAG_OWNER=chris
AIRFLOW_CTX_DAG_ID=NDBC_51001
AIRFLOW_CTX_TASK_ID=file_check
AIRFLOW_CTX_EXECUTION_DATE=2021-02-14T14:00:00+00:00
AIRFLOW_CTX_DAG_RUN_ID=scheduled__2021-02-14T14:00:00+00:00
[2021-02-15 10:37:10,471] {logging_mixin.py:104} INFO - file exists
[2021-02-15 10:37:10,471] {python.py:118} INFO - Done. Returned value was: OK
[2021-02-15 10:37:10,485] {taskinstance.py:1159} INFO - Marking task as SUCCESS. dag_id=NDBC_51001, task_id=file_check, execution_date=20210214T140000, start_date=20210215T203710, end_date=20210215T203710
[2021-02-15 10:37:10,499] {taskinstance.py:1220} INFO - 1 downstream tasks scheduled from follow-on schedule check
[2021-02-15 10:37:10,540] {local_task_job.py:146} INFO - Task exited with return code 0
