[2021-02-15 10:40:07,807] {taskinstance.py:851} INFO - Dependencies all met for <TaskInstance: NDBC_51001.file_check 2021-02-15T19:00:00+00:00 [queued]>
[2021-02-15 10:40:07,813] {taskinstance.py:851} INFO - Dependencies all met for <TaskInstance: NDBC_51001.file_check 2021-02-15T19:00:00+00:00 [queued]>
[2021-02-15 10:40:07,813] {taskinstance.py:1042} INFO - 
--------------------------------------------------------------------------------
[2021-02-15 10:40:07,813] {taskinstance.py:1043} INFO - Starting attempt 1 of 1
[2021-02-15 10:40:07,813] {taskinstance.py:1044} INFO - 
--------------------------------------------------------------------------------
[2021-02-15 10:40:07,818] {taskinstance.py:1063} INFO - Executing <Task(PythonOperator): file_check> on 2021-02-15T19:00:00+00:00
[2021-02-15 10:40:07,820] {standard_task_runner.py:52} INFO - Started process 20655 to run task
[2021-02-15 10:40:07,827] {standard_task_runner.py:76} INFO - Running: ['airflow', 'tasks', 'run', 'NDBC_51001', 'file_check', '2021-02-15T19:00:00+00:00', '--job-id', '123', '--pool', 'default_pool', '--raw', '--subdir', 'DAGS_FOLDER/ndbc_dag.py', '--cfg-path', '/var/folders/y8/ykx6qdr96dldyw_z287s5l580000gn/T/tmpjjrtudmx', '--error-file', '/var/folders/y8/ykx6qdr96dldyw_z287s5l580000gn/T/tmprmxyyflg']
[2021-02-15 10:40:07,829] {standard_task_runner.py:77} INFO - Job 123: Subtask file_check
[2021-02-15 10:40:07,861] {logging_mixin.py:104} INFO - Running <TaskInstance: NDBC_51001.file_check 2021-02-15T19:00:00+00:00 [running]> on host chriss-mbp.lan1
[2021-02-15 10:40:07,888] {taskinstance.py:1255} INFO - Exporting the following env vars:
AIRFLOW_CTX_DAG_EMAIL=holloway.christopher.t@gmail.com
AIRFLOW_CTX_DAG_OWNER=chris
AIRFLOW_CTX_DAG_ID=NDBC_51001
AIRFLOW_CTX_TASK_ID=file_check
AIRFLOW_CTX_EXECUTION_DATE=2021-02-15T19:00:00+00:00
AIRFLOW_CTX_DAG_RUN_ID=scheduled__2021-02-15T19:00:00+00:00
[2021-02-15 10:40:08,151] {logging_mixin.py:104} INFO - file exists
[2021-02-15 10:40:08,151] {python.py:118} INFO - Done. Returned value was: OK
[2021-02-15 10:40:08,165] {taskinstance.py:1159} INFO - Marking task as SUCCESS. dag_id=NDBC_51001, task_id=file_check, execution_date=20210215T190000, start_date=20210215T204007, end_date=20210215T204008
[2021-02-15 10:40:08,178] {taskinstance.py:1220} INFO - 1 downstream tasks scheduled from follow-on schedule check
[2021-02-15 10:40:08,229] {local_task_job.py:146} INFO - Task exited with return code 0
