[2021-02-14 15:49:08,719] {taskinstance.py:851} INFO - Dependencies all met for <TaskInstance: NDBC_51001.file_check 2021-02-15T01:49:05.730997+00:00 [queued]>
[2021-02-14 15:49:08,723] {taskinstance.py:851} INFO - Dependencies all met for <TaskInstance: NDBC_51001.file_check 2021-02-15T01:49:05.730997+00:00 [queued]>
[2021-02-14 15:49:08,724] {taskinstance.py:1042} INFO - 
--------------------------------------------------------------------------------
[2021-02-14 15:49:08,724] {taskinstance.py:1043} INFO - Starting attempt 1 of 1
[2021-02-14 15:49:08,724] {taskinstance.py:1044} INFO - 
--------------------------------------------------------------------------------
[2021-02-14 15:49:08,729] {taskinstance.py:1063} INFO - Executing <Task(PythonOperator): file_check> on 2021-02-15T01:49:05.730997+00:00
[2021-02-14 15:49:08,731] {standard_task_runner.py:52} INFO - Started process 93788 to run task
[2021-02-14 15:49:08,738] {standard_task_runner.py:76} INFO - Running: ['airflow', 'tasks', 'run', 'NDBC_51001', 'file_check', '2021-02-15T01:49:05.730997+00:00', '--job-id', '31', '--pool', 'default_pool', '--raw', '--subdir', 'DAGS_FOLDER/ndbc_dag.py', '--cfg-path', '/var/folders/y8/ykx6qdr96dldyw_z287s5l580000gn/T/tmpgm345qar', '--error-file', '/var/folders/y8/ykx6qdr96dldyw_z287s5l580000gn/T/tmpkcej256y']
[2021-02-14 15:49:08,739] {standard_task_runner.py:77} INFO - Job 31: Subtask file_check
[2021-02-14 15:49:08,768] {logging_mixin.py:104} INFO - Running <TaskInstance: NDBC_51001.file_check 2021-02-15T01:49:05.730997+00:00 [running]> on host chriss-mbp.lan1
[2021-02-14 15:49:08,786] {taskinstance.py:1255} INFO - Exporting the following env vars:
AIRFLOW_CTX_DAG_EMAIL=holloway.christopher.t@gmail.com
AIRFLOW_CTX_DAG_OWNER=chris
AIRFLOW_CTX_DAG_ID=NDBC_51001
AIRFLOW_CTX_TASK_ID=file_check
AIRFLOW_CTX_EXECUTION_DATE=2021-02-15T01:49:05.730997+00:00
AIRFLOW_CTX_DAG_RUN_ID=manual__2021-02-15T01:49:05.730997+00:00
[2021-02-14 15:49:09,061] {logging_mixin.py:104} INFO - file exists
[2021-02-14 15:49:09,062] {python.py:118} INFO - Done. Returned value was: OK
[2021-02-14 15:49:09,075] {taskinstance.py:1159} INFO - Marking task as SUCCESS. dag_id=NDBC_51001, task_id=file_check, execution_date=20210215T014905, start_date=20210215T014908, end_date=20210215T014909
[2021-02-14 15:49:09,088] {taskinstance.py:1220} INFO - 1 downstream tasks scheduled from follow-on schedule check
[2021-02-14 15:49:09,128] {local_task_job.py:146} INFO - Task exited with return code 0
