[2021-02-15 10:39:21,409] {taskinstance.py:851} INFO - Dependencies all met for <TaskInstance: NDBC_51001.clean_and_load 2021-02-15T10:00:00+00:00 [queued]>
[2021-02-15 10:39:21,414] {taskinstance.py:851} INFO - Dependencies all met for <TaskInstance: NDBC_51001.clean_and_load 2021-02-15T10:00:00+00:00 [queued]>
[2021-02-15 10:39:21,414] {taskinstance.py:1042} INFO - 
--------------------------------------------------------------------------------
[2021-02-15 10:39:21,414] {taskinstance.py:1043} INFO - Starting attempt 1 of 1
[2021-02-15 10:39:21,414] {taskinstance.py:1044} INFO - 
--------------------------------------------------------------------------------
[2021-02-15 10:39:21,420] {taskinstance.py:1063} INFO - Executing <Task(PythonOperator): clean_and_load> on 2021-02-15T10:00:00+00:00
[2021-02-15 10:39:21,423] {standard_task_runner.py:52} INFO - Started process 20582 to run task
[2021-02-15 10:39:21,429] {standard_task_runner.py:76} INFO - Running: ['airflow', 'tasks', 'run', 'NDBC_51001', 'clean_and_load', '2021-02-15T10:00:00+00:00', '--job-id', '108', '--pool', 'default_pool', '--raw', '--subdir', 'DAGS_FOLDER/ndbc_dag.py', '--cfg-path', '/var/folders/y8/ykx6qdr96dldyw_z287s5l580000gn/T/tmpzw8y_qi3', '--error-file', '/var/folders/y8/ykx6qdr96dldyw_z287s5l580000gn/T/tmp8m_f61yb']
[2021-02-15 10:39:21,431] {standard_task_runner.py:77} INFO - Job 108: Subtask clean_and_load
[2021-02-15 10:39:21,462] {logging_mixin.py:104} INFO - Running <TaskInstance: NDBC_51001.clean_and_load 2021-02-15T10:00:00+00:00 [running]> on host chriss-mbp.lan1
[2021-02-15 10:39:21,487] {taskinstance.py:1255} INFO - Exporting the following env vars:
AIRFLOW_CTX_DAG_EMAIL=holloway.christopher.t@gmail.com
AIRFLOW_CTX_DAG_OWNER=chris
AIRFLOW_CTX_DAG_ID=NDBC_51001
AIRFLOW_CTX_TASK_ID=clean_and_load
AIRFLOW_CTX_EXECUTION_DATE=2021-02-15T10:00:00+00:00
AIRFLOW_CTX_DAG_RUN_ID=scheduled__2021-02-15T10:00:00+00:00
[2021-02-15 10:39:21,850] {base.py:65} INFO - Using connection to: id: NDBC_51001. Host: localhost, Port: 5400, Schema: NDBC_51001DB, Login: chrisholloway, Password: None, extra: None
[2021-02-15 10:39:21,856] {dbapi.py:180} INFO - Running statement: INSERT INTO Detailed_Wave_Data_Table (significant_wave_height, swell_height, swell_period,
	 wind_wave_height, wind_wave_period, average_period) VALUES (%s, %s, %s, %s, %s, %s);, parameters: (2.5, 2.5, 11.4, 0.3, 4.0, 8.8)
[2021-02-15 10:39:21,858] {dbapi.py:186} INFO - Rows affected: 1
[2021-02-15 10:39:21,860] {python.py:118} INFO - Done. Returned value was: None
[2021-02-15 10:39:21,865] {taskinstance.py:1159} INFO - Marking task as SUCCESS. dag_id=NDBC_51001, task_id=clean_and_load, execution_date=20210215T100000, start_date=20210215T203921, end_date=20210215T203921
[2021-02-15 10:39:21,876] {taskinstance.py:1220} INFO - 0 downstream tasks scheduled from follow-on schedule check
[2021-02-15 10:39:21,904] {local_task_job.py:146} INFO - Task exited with return code 0
